{"/Users/georgian-sorinmaxim/react-native-example/config/setupTest.js": {"path":"/Users/georgian-sorinmaxim/react-native-example/config/setupTest.js","statementMap":{"0":{"start":{"line":3,"column":15},"end":{"line":3,"column":32}},"1":{"start":{"line":4,"column":16},"end":{"line":4,"column":50}},"2":{"start":{"line":6,"column":0},"end":{"line":6,"column":45}}},"fnMap":{},"branchMap":{},"s":{"0":5,"1":5,"2":5},"f":{},"b":{},"_coverageSchema":"332fd63041d2c1bcb487cc26dd0d5f7d97098a6c","hash":"a6dbf1c2c3af1f670c5fe5f97ebddf24f3f25528"}
,"/Users/georgian-sorinmaxim/react-native-example/src/components/App.js": {"path":"/Users/georgian-sorinmaxim/react-native-example/src/components/App.js","statementMap":{"0":{"start":{"line":9,"column":12},"end":{"line":13,"column":1}},"1":{"start":{"line":10,"column":4},"end":{"line":12,"column":21}}},"fnMap":{"0":{"name":"(anonymous_0)","decl":{"start":{"line":9,"column":12},"end":{"line":9,"column":13}},"loc":{"start":{"line":10,"column":4},"end":{"line":12,"column":21}},"line":10}},"branchMap":{},"s":{"0":1,"1":1},"f":{"0":1},"b":{},"_coverageSchema":"332fd63041d2c1bcb487cc26dd0d5f7d97098a6c","hash":"0b01808b0ffefd47c3ee2bb9fe1f5c0a881794fd"}
,"/Users/georgian-sorinmaxim/react-native-example/src/components/HOC/HomeScreenContainer.js": {"path":"/Users/georgian-sorinmaxim/react-native-example/src/components/HOC/HomeScreenContainer.js","statementMap":{"0":{"start":{"line":16,"column":28},"end":{"line":23,"column":1}},"1":{"start":{"line":17,"column":4},"end":{"line":22,"column":22}}},"fnMap":{"0":{"name":"(anonymous_0)","decl":{"start":{"line":16,"column":28},"end":{"line":16,"column":29}},"loc":{"start":{"line":17,"column":4},"end":{"line":22,"column":22}},"line":17}},"branchMap":{},"s":{"0":2,"1":0},"f":{"0":0},"b":{},"_coverageSchema":"332fd63041d2c1bcb487cc26dd0d5f7d97098a6c","hash":"7cafaa86d8a7ce49e6584cff9a52534fc2483898"}
,"/Users/georgian-sorinmaxim/react-native-example/src/components/HOC/LoaderContainer.js": {"path":"/Users/georgian-sorinmaxim/react-native-example/src/components/HOC/LoaderContainer.js","statementMap":{"0":{"start":{"line":7,"column":15},"end":{"line":15,"column":2}},"1":{"start":{"line":23,"column":24},"end":{"line":42,"column":1}},"2":{"start":{"line":24,"column":4},"end":{"line":31,"column":5}},"3":{"start":{"line":25,"column":8},"end":{"line":30,"column":10}},"4":{"start":{"line":33,"column":4},"end":{"line":39,"column":5}},"5":{"start":{"line":34,"column":8},"end":{"line":38,"column":10}},"6":{"start":{"line":41,"column":4},"end":{"line":41,"column":26}}},"fnMap":{"0":{"name":"(anonymous_0)","decl":{"start":{"line":23,"column":24},"end":{"line":23,"column":25}},"loc":{"start":{"line":23,"column":42},"end":{"line":42,"column":1}},"line":23}},"branchMap":{"0":{"loc":{"start":{"line":24,"column":4},"end":{"line":31,"column":5}},"type":"if","locations":[{"start":{"line":24,"column":4},"end":{"line":31,"column":5}},{"start":{"line":24,"column":4},"end":{"line":31,"column":5}}],"line":24},"1":{"loc":{"start":{"line":33,"column":4},"end":{"line":39,"column":5}},"type":"if","locations":[{"start":{"line":33,"column":4},"end":{"line":39,"column":5}},{"start":{"line":33,"column":4},"end":{"line":39,"column":5}}],"line":33}},"s":{"0":3,"1":3,"2":1,"3":1,"4":0,"5":0,"6":0},"f":{"0":1},"b":{"0":[1,0],"1":[0,0]},"_coverageSchema":"332fd63041d2c1bcb487cc26dd0d5f7d97098a6c","hash":"031238544cda65f52ee708ecc26b731f516b439b"}
,"/Users/georgian-sorinmaxim/react-native-example/src/components/Home/HomeScreen.js": {"path":"/Users/georgian-sorinmaxim/react-native-example/src/components/Home/HomeScreen.js","statementMap":{"0":{"start":{"line":9,"column":15},"end":{"line":62,"column":2}},"1":{"start":{"line":73,"column":8},"end":{"line":78,"column":15}},"2":{"start":{"line":82,"column":8},"end":{"line":87,"column":15}},"3":{"start":{"line":92,"column":12},"end":{"line":95,"column":30}},"4":{"start":{"line":98,"column":12},"end":{"line":100,"column":40}},"5":{"start":{"line":102,"column":8},"end":{"line":133,"column":10}},"6":{"start":{"line":109,"column":50},"end":{"line":109,"column":61}},"7":{"start":{"line":110,"column":54},"end":{"line":110,"column":65}},"8":{"start":{"line":112,"column":32},"end":{"line":112,"column":61}},"9":{"start":{"line":114,"column":48},"end":{"line":114,"column":69}},"10":{"start":{"line":118,"column":55},"end":{"line":118,"column":74}}},"fnMap":{"0":{"name":"(anonymous_0)","decl":{"start":{"line":72,"column":17},"end":{"line":72,"column":18}},"loc":{"start":{"line":73,"column":8},"end":{"line":78,"column":15}},"line":73},"1":{"name":"(anonymous_1)","decl":{"start":{"line":81,"column":19},"end":{"line":81,"column":20}},"loc":{"start":{"line":82,"column":8},"end":{"line":87,"column":15}},"line":82},"2":{"name":"(anonymous_2)","decl":{"start":{"line":90,"column":4},"end":{"line":90,"column":5}},"loc":{"start":{"line":90,"column":13},"end":{"line":134,"column":5}},"line":90},"3":{"name":"(anonymous_3)","decl":{"start":{"line":109,"column":42},"end":{"line":109,"column":43}},"loc":{"start":{"line":109,"column":50},"end":{"line":109,"column":61}},"line":109},"4":{"name":"(anonymous_4)","decl":{"start":{"line":110,"column":37},"end":{"line":110,"column":38}},"loc":{"start":{"line":110,"column":54},"end":{"line":110,"column":65}},"line":110},"5":{"name":"(anonymous_5)","decl":{"start":{"line":111,"column":42},"end":{"line":111,"column":43}},"loc":{"start":{"line":112,"column":32},"end":{"line":112,"column":61}},"line":112},"6":{"name":"(anonymous_6)","decl":{"start":{"line":114,"column":40},"end":{"line":114,"column":41}},"loc":{"start":{"line":114,"column":48},"end":{"line":114,"column":69}},"line":114},"7":{"name":"(anonymous_7)","decl":{"start":{"line":118,"column":49},"end":{"line":118,"column":50}},"loc":{"start":{"line":118,"column":55},"end":{"line":118,"column":74}},"line":118}},"branchMap":{"0":{"loc":{"start":{"line":92,"column":12},"end":{"line":95,"column":30}},"type":"binary-expr","locations":[{"start":{"line":92,"column":12},"end":{"line":92,"column":27}},{"start":{"line":93,"column":12},"end":{"line":93,"column":47}},{"start":{"line":94,"column":12},"end":{"line":94,"column":38}},{"start":{"line":95,"column":12},"end":{"line":95,"column":30}}],"line":92},"1":{"loc":{"start":{"line":98,"column":12},"end":{"line":100,"column":40}},"type":"binary-expr","locations":[{"start":{"line":98,"column":12},"end":{"line":98,"column":27}},{"start":{"line":99,"column":12},"end":{"line":99,"column":47}},{"start":{"line":100,"column":12},"end":{"line":100,"column":40}}],"line":98},"2":{"loc":{"start":{"line":105,"column":21},"end":{"line":105,"column":68}},"type":"cond-expr","locations":[{"start":{"line":105,"column":41},"end":{"line":105,"column":61}},{"start":{"line":105,"column":64},"end":{"line":105,"column":68}}],"line":105},"3":{"loc":{"start":{"line":107,"column":21},"end":{"line":120,"column":28}},"type":"cond-expr","locations":[{"start":{"line":108,"column":24},"end":{"line":119,"column":26}},{"start":{"line":120,"column":24},"end":{"line":120,"column":28}}],"line":107},"4":{"loc":{"start":{"line":122,"column":21},"end":{"line":126,"column":28}},"type":"cond-expr","locations":[{"start":{"line":123,"column":24},"end":{"line":125,"column":31}},{"start":{"line":126,"column":24},"end":{"line":126,"column":28}}],"line":122},"5":{"loc":{"start":{"line":128,"column":21},"end":{"line":130,"column":28}},"type":"cond-expr","locations":[{"start":{"line":129,"column":24},"end":{"line":129,"column":77}},{"start":{"line":130,"column":24},"end":{"line":130,"column":28}}],"line":128}},"s":{"0":3,"1":0,"2":0,"3":1,"4":1,"5":1,"6":0,"7":0,"8":0,"9":0,"10":0},"f":{"0":0,"1":0,"2":1,"3":0,"4":0,"5":0,"6":0,"7":0},"b":{"0":[1,1,0,0],"1":[1,1,0],"2":[0,0],"3":[0,0],"4":[0,0],"5":[0,0]},"_coverageSchema":"332fd63041d2c1bcb487cc26dd0d5f7d97098a6c","hash":"78f4bb1101450c8a549ba1d4eb8daad9a0069135"}
,"/Users/georgian-sorinmaxim/react-native-example/src/components/Home/ToggleVisibility.js": {"path":"/Users/georgian-sorinmaxim/react-native-example/src/components/Home/ToggleVisibility.js","statementMap":{"0":{"start":{"line":23,"column":8},"end":{"line":29,"column":15}},"1":{"start":{"line":26,"column":16},"end":{"line":28,"column":17}},"2":{"start":{"line":27,"column":20},"end":{"line":27,"column":47}},"3":{"start":{"line":33,"column":8},"end":{"line":39,"column":10}},"4":{"start":{"line":36,"column":31},"end":{"line":36,"column":64}},"5":{"start":{"line":43,"column":37},"end":{"line":45,"column":19}}},"fnMap":{"0":{"name":"(anonymous_0)","decl":{"start":{"line":22,"column":14},"end":{"line":22,"column":15}},"loc":{"start":{"line":22,"column":36},"end":{"line":30,"column":5}},"line":22},"1":{"name":"(anonymous_1)","decl":{"start":{"line":25,"column":18},"end":{"line":25,"column":19}},"loc":{"start":{"line":25,"column":25},"end":{"line":29,"column":13}},"line":25},"2":{"name":"(anonymous_2)","decl":{"start":{"line":32,"column":4},"end":{"line":32,"column":5}},"loc":{"start":{"line":32,"column":13},"end":{"line":40,"column":5}},"line":32},"3":{"name":"(anonymous_3)","decl":{"start":{"line":36,"column":25},"end":{"line":36,"column":26}},"loc":{"start":{"line":36,"column":31},"end":{"line":36,"column":64}},"line":36}},"branchMap":{"0":{"loc":{"start":{"line":26,"column":16},"end":{"line":28,"column":17}},"type":"if","locations":[{"start":{"line":26,"column":16},"end":{"line":28,"column":17}},{"start":{"line":26,"column":16},"end":{"line":28,"column":17}}],"line":26},"1":{"loc":{"start":{"line":37,"column":23},"end":{"line":37,"column":69}},"type":"cond-expr","locations":[{"start":{"line":37,"column":44},"end":{"line":37,"column":55}},{"start":{"line":37,"column":58},"end":{"line":37,"column":69}}],"line":37}},"s":{"0":0,"1":0,"2":0,"3":0,"4":0,"5":4},"f":{"0":0,"1":0,"2":0,"3":0},"b":{"0":[0,0],"1":[0,0]},"_coverageSchema":"332fd63041d2c1bcb487cc26dd0d5f7d97098a6c","hash":"4de92ba298f09563702437e4af6162d3cacde634"}
,"/Users/georgian-sorinmaxim/react-native-example/src/graphql/apollo/client.js": {"path":"/Users/georgian-sorinmaxim/react-native-example/src/graphql/apollo/client.js","statementMap":{"0":{"start":{"line":11,"column":14},"end":{"line":13,"column":2}},"1":{"start":{"line":12,"column":32},"end":{"line":12,"column":50}},"2":{"start":{"line":15,"column":17},"end":{"line":24,"column":1}},"3":{"start":{"line":26,"column":18},"end":{"line":58,"column":2}},"4":{"start":{"line":34,"column":29},"end":{"line":39,"column":17}},"5":{"start":{"line":41,"column":16},"end":{"line":41,"column":42}},"6":{"start":{"line":42,"column":16},"end":{"line":42,"column":28}},"7":{"start":{"line":46,"column":29},"end":{"line":51,"column":17}},"8":{"start":{"line":53,"column":16},"end":{"line":53,"column":42}},"9":{"start":{"line":54,"column":16},"end":{"line":54,"column":28}},"10":{"start":{"line":60,"column":15},"end":{"line":63,"column":2}},"11":{"start":{"line":65,"column":0},"end":{"line":65,"column":45}}},"fnMap":{"0":{"name":"(anonymous_0)","decl":{"start":{"line":12,"column":22},"end":{"line":12,"column":23}},"loc":{"start":{"line":12,"column":32},"end":{"line":12,"column":50}},"line":12},"1":{"name":"(anonymous_1)","decl":{"start":{"line":32,"column":34},"end":{"line":32,"column":35}},"loc":{"start":{"line":32,"column":71},"end":{"line":43,"column":13}},"line":32},"2":{"name":"(anonymous_2)","decl":{"start":{"line":44,"column":33},"end":{"line":44,"column":34}},"loc":{"start":{"line":44,"column":72},"end":{"line":55,"column":13}},"line":44}},"branchMap":{"0":{"loc":{"start":{"line":12,"column":32},"end":{"line":12,"column":50}},"type":"binary-expr","locations":[{"start":{"line":12,"column":32},"end":{"line":12,"column":42}},{"start":{"line":12,"column":46},"end":{"line":12,"column":50}}],"line":12}},"s":{"0":4,"1":8,"2":4,"3":4,"4":0,"5":0,"6":0,"7":0,"8":0,"9":0,"10":4,"11":4},"f":{"0":8,"1":0,"2":0},"b":{"0":[8,8]},"_coverageSchema":"332fd63041d2c1bcb487cc26dd0d5f7d97098a6c","hash":"c0d961529e95d45093482fceb8dc5abbeb493a2b"}
,"/Users/georgian-sorinmaxim/react-native-example/src/graphql/apollo/index.js": {"path":"/Users/georgian-sorinmaxim/react-native-example/src/graphql/apollo/index.js","statementMap":{},"fnMap":{},"branchMap":{},"s":{},"f":{},"b":{},"_coverageSchema":"332fd63041d2c1bcb487cc26dd0d5f7d97098a6c","hash":"a54e6d9bb3f2685984081104d5b96d02d2c1cf48"}
,"/Users/georgian-sorinmaxim/react-native-example/src/graphql/config/config.js": {"path":"/Users/georgian-sorinmaxim/react-native-example/src/graphql/config/config.js","statementMap":{"0":{"start":{"line":4,"column":14},"end":{"line":6,"column":1}}},"fnMap":{},"branchMap":{},"s":{"0":4},"f":{},"b":{},"_coverageSchema":"332fd63041d2c1bcb487cc26dd0d5f7d97098a6c","hash":"f67fa724dc54e8f777756d940e9369b8e342a30c"}
,"/Users/georgian-sorinmaxim/react-native-example/src/graphql/config/index.js": {"path":"/Users/georgian-sorinmaxim/react-native-example/src/graphql/config/index.js","statementMap":{},"fnMap":{},"branchMap":{},"s":{},"f":{},"b":{},"_coverageSchema":"332fd63041d2c1bcb487cc26dd0d5f7d97098a6c","hash":"a8b13358b8dd890a2286f0c5de69d9a54d20a0f8"}
,"/Users/georgian-sorinmaxim/react-native-example/src/graphql/queries/index.js": {"path":"/Users/georgian-sorinmaxim/react-native-example/src/graphql/queries/index.js","statementMap":{},"fnMap":{},"branchMap":{},"s":{},"f":{},"b":{},"_coverageSchema":"332fd63041d2c1bcb487cc26dd0d5f7d97098a6c","hash":"339ebc9dca83010b2b503355ae656e8bef0a7ce3"}
,"/Users/georgian-sorinmaxim/react-native-example/src/graphql/queries/linkState.js": {"path":"/Users/georgian-sorinmaxim/react-native-example/src/graphql/queries/linkState.js","statementMap":{"0":{"start":{"line":6,"column":28},"end":{"line":12,"column":1}},"1":{"start":{"line":14,"column":28},"end":{"line":18,"column":1}},"2":{"start":{"line":21,"column":28},"end":{"line":27,"column":1}},"3":{"start":{"line":29,"column":29},"end":{"line":33,"column":1}}},"fnMap":{},"branchMap":{},"s":{"0":4,"1":4,"2":4,"3":4},"f":{},"b":{},"_coverageSchema":"332fd63041d2c1bcb487cc26dd0d5f7d97098a6c","hash":"89fdecd425a676416d1c1f166f0e754f3070e4fe"}
,"/Users/georgian-sorinmaxim/react-native-example/src/graphql/queries/server.js": {"path":"/Users/georgian-sorinmaxim/react-native-example/src/graphql/queries/server.js","statementMap":{"0":{"start":{"line":5,"column":22},"end":{"line":13,"column":1}},"1":{"start":{"line":15,"column":17},"end":{"line":27,"column":1}}},"fnMap":{},"branchMap":{},"s":{"0":4,"1":4},"f":{},"b":{},"_coverageSchema":"332fd63041d2c1bcb487cc26dd0d5f7d97098a6c","hash":"88f26d7fb15dfd890c35e62dd9fe76829baa6ea4"}
,"/Users/georgian-sorinmaxim/react-native-example/src/styles/Colours.js": {"path":"/Users/georgian-sorinmaxim/react-native-example/src/styles/Colours.js","statementMap":{"0":{"start":{"line":1,"column":15},"end":{"line":8,"column":1}}},"fnMap":{},"branchMap":{},"s":{"0":4},"f":{},"b":{},"_coverageSchema":"332fd63041d2c1bcb487cc26dd0d5f7d97098a6c","hash":"31a425c1ce00ef14fe73dc67fd8576653264a5bd"}
,"/Users/georgian-sorinmaxim/react-native-example/src/styles/Metrics.js": {"path":"/Users/georgian-sorinmaxim/react-native-example/src/styles/Metrics.js","statementMap":{"0":{"start":{"line":3,"column":23},"end":{"line":9,"column":1}}},"fnMap":{},"branchMap":{},"s":{"0":4},"f":{},"b":{},"_coverageSchema":"332fd63041d2c1bcb487cc26dd0d5f7d97098a6c","hash":"337023ff0eab1d6c23d6ebf984f448ac28037832"}
,"/Users/georgian-sorinmaxim/react-native-example/src/styles/index.js": {"path":"/Users/georgian-sorinmaxim/react-native-example/src/styles/index.js","statementMap":{},"fnMap":{},"branchMap":{},"s":{},"f":{},"b":{},"_coverageSchema":"332fd63041d2c1bcb487cc26dd0d5f7d97098a6c","hash":"bf248885bb0a334e897bc418a69cd369ae2f94b2"}
}
