TN:
SF:/Users/georgian-sorinmaxim/react-native-example/config/setupTest.js
FNF:0
FNH:0
DA:3,5
DA:4,5
DA:6,5
LF:3
LH:3
BRF:0
BRH:0
end_of_record
TN:
SF:/Users/georgian-sorinmaxim/react-native-example/src/components/App.js
FN:9,(anonymous_0)
FNF:1
FNH:1
FNDA:1,(anonymous_0)
DA:9,1
DA:10,1
LF:2
LH:2
BRF:0
BRH:0
end_of_record
TN:
SF:/Users/georgian-sorinmaxim/react-native-example/src/components/HOC/HomeScreenContainer.js
FN:16,(anonymous_0)
FNF:1
FNH:0
FNDA:0,(anonymous_0)
DA:16,2
DA:17,0
LF:2
LH:1
BRF:0
BRH:0
end_of_record
TN:
SF:/Users/georgian-sorinmaxim/react-native-example/src/components/HOC/LoaderContainer.js
FN:23,(anonymous_0)
FNF:1
FNH:1
FNDA:1,(anonymous_0)
DA:7,3
DA:23,3
DA:24,1
DA:25,1
DA:33,0
DA:34,0
DA:41,0
LF:7
LH:4
BRDA:24,0,0,1
BRDA:24,0,1,0
BRDA:33,1,0,0
BRDA:33,1,1,0
BRF:4
BRH:1
end_of_record
TN:
SF:/Users/georgian-sorinmaxim/react-native-example/src/components/Home/HomeScreen.js
FN:72,(anonymous_0)
FN:81,(anonymous_1)
FN:90,(anonymous_2)
FN:109,(anonymous_3)
FN:110,(anonymous_4)
FN:111,(anonymous_5)
FN:114,(anonymous_6)
FN:118,(anonymous_7)
FNF:8
FNH:1
FNDA:0,(anonymous_0)
FNDA:0,(anonymous_1)
FNDA:1,(anonymous_2)
FNDA:0,(anonymous_3)
FNDA:0,(anonymous_4)
FNDA:0,(anonymous_5)
FNDA:0,(anonymous_6)
FNDA:0,(anonymous_7)
DA:9,3
DA:73,0
DA:82,0
DA:92,1
DA:98,1
DA:102,1
DA:109,0
DA:110,0
DA:112,0
DA:114,0
DA:118,0
LF:11
LH:4
BRDA:92,0,0,1
BRDA:92,0,1,1
BRDA:92,0,2,0
BRDA:92,0,3,0
BRDA:98,1,0,1
BRDA:98,1,1,1
BRDA:98,1,2,0
BRDA:105,2,0,0
BRDA:105,2,1,0
BRDA:107,3,0,0
BRDA:107,3,1,0
BRDA:122,4,0,0
BRDA:122,4,1,0
BRDA:128,5,0,0
BRDA:128,5,1,0
BRF:15
BRH:4
end_of_record
TN:
SF:/Users/georgian-sorinmaxim/react-native-example/src/components/Home/ToggleVisibility.js
FN:22,(anonymous_0)
FN:25,(anonymous_1)
FN:32,(anonymous_2)
FN:36,(anonymous_3)
FNF:4
FNH:0
FNDA:0,(anonymous_0)
FNDA:0,(anonymous_1)
FNDA:0,(anonymous_2)
FNDA:0,(anonymous_3)
DA:23,0
DA:26,0
DA:27,0
DA:33,0
DA:36,0
DA:43,4
LF:6
LH:1
BRDA:26,0,0,0
BRDA:26,0,1,0
BRDA:37,1,0,0
BRDA:37,1,1,0
BRF:4
BRH:0
end_of_record
TN:
SF:/Users/georgian-sorinmaxim/react-native-example/src/graphql/apollo/client.js
FN:12,(anonymous_0)
FN:32,(anonymous_1)
FN:44,(anonymous_2)
FNF:3
FNH:1
FNDA:8,(anonymous_0)
FNDA:0,(anonymous_1)
FNDA:0,(anonymous_2)
DA:11,4
DA:12,8
DA:15,4
DA:26,4
DA:34,0
DA:41,0
DA:42,0
DA:46,0
DA:53,0
DA:54,0
DA:60,4
DA:65,4
LF:12
LH:6
BRDA:12,0,0,8
BRDA:12,0,1,8
BRF:2
BRH:2
end_of_record
TN:
SF:/Users/georgian-sorinmaxim/react-native-example/src/graphql/apollo/index.js
FNF:0
FNH:0
LF:0
LH:0
BRF:0
BRH:0
end_of_record
TN:
SF:/Users/georgian-sorinmaxim/react-native-example/src/graphql/config/config.js
FNF:0
FNH:0
DA:4,4
LF:1
LH:1
BRF:0
BRH:0
end_of_record
TN:
SF:/Users/georgian-sorinmaxim/react-native-example/src/graphql/config/index.js
FNF:0
FNH:0
LF:0
LH:0
BRF:0
BRH:0
end_of_record
TN:
SF:/Users/georgian-sorinmaxim/react-native-example/src/graphql/queries/index.js
FNF:0
FNH:0
LF:0
LH:0
BRF:0
BRH:0
end_of_record
TN:
SF:/Users/georgian-sorinmaxim/react-native-example/src/graphql/queries/linkState.js
FNF:0
FNH:0
DA:6,4
DA:14,4
DA:21,4
DA:29,4
LF:4
LH:4
BRF:0
BRH:0
end_of_record
TN:
SF:/Users/georgian-sorinmaxim/react-native-example/src/graphql/queries/server.js
FNF:0
FNH:0
DA:5,4
DA:15,4
LF:2
LH:2
BRF:0
BRH:0
end_of_record
TN:
SF:/Users/georgian-sorinmaxim/react-native-example/src/styles/Colours.js
FNF:0
FNH:0
DA:1,4
LF:1
LH:1
BRF:0
BRH:0
end_of_record
TN:
SF:/Users/georgian-sorinmaxim/react-native-example/src/styles/Metrics.js
FNF:0
FNH:0
DA:3,4
LF:1
LH:1
BRF:0
BRH:0
end_of_record
TN:
SF:/Users/georgian-sorinmaxim/react-native-example/src/styles/index.js
FNF:0
FNH:0
LF:0
LH:0
BRF:0
BRH:0
end_of_record
